FeatureEnvyDetector	WARN	Finded Feature Envy
FeatureEnvyDetector	WARN	at C:\Users\kerueilin9\Desktop\Document\window_design\HW7\DrawingModel\DrawingModel\Model.cs Line 35
FeatureEnvyDetector	WARN	 DrawingModel.Model envy DrawingModel.Shapes
FeatureEnvyDetector	WARN	use list:
FeatureEnvyDetector	WARN		CheckPointContains
FeatureEnvyDetector	WARN		CheckPointContains
FeatureEnvyDetector	WARN	Finded Feature Envy
FeatureEnvyDetector	WARN	at C:\Users\kerueilin9\Desktop\Document\window_design\HW7\DrawingModel\DrawingModel\Model.cs Line 38
FeatureEnvyDetector	WARN	 DrawingModel.Model envy DrawingModel.Shapes
FeatureEnvyDetector	WARN	use list:
FeatureEnvyDetector	WARN		CreateShapeHint
FeatureEnvyDetector	WARN		CheckPointContains
FeatureEnvyDetector	WARN	Finded Feature Envy
FeatureEnvyDetector	WARN	at C:\Users\kerueilin9\Desktop\Document\window_design\HW7\DrawingModel\DrawingModel\Line.cs Line 15
FeatureEnvyDetector	WARN	 DrawingModel.Line envy DrawingModel.Shape
FeatureEnvyDetector	WARN	use list:
FeatureEnvyDetector	WARN		FirstShape
FeatureEnvyDetector	WARN		SecondShape
FeatureEnvyDetector	WARN	Finded Feature Envy
FeatureEnvyDetector	WARN	at C:\Users\kerueilin9\Desktop\Document\window_design\HW7\DrawingModel\DrawingModel\Line.cs Line 17
FeatureEnvyDetector	WARN	 DrawingModel.Line envy DrawingModel.Shape
FeatureEnvyDetector	WARN	use list:
FeatureEnvyDetector	WARN		X1
FeatureEnvyDetector	WARN		X2
FeatureEnvyDetector	WARN		FirstShape
FeatureEnvyDetector	WARN		SecondShape
FeatureEnvyDetector	WARN	Finded Feature Envy
FeatureEnvyDetector	WARN	at C:\Users\kerueilin9\Desktop\Document\window_design\HW7\DrawingModel\DrawingModel\Line.cs Line 18
FeatureEnvyDetector	WARN	 DrawingModel.Line envy DrawingModel.Shape
FeatureEnvyDetector	WARN	use list:
FeatureEnvyDetector	WARN		Y1
FeatureEnvyDetector	WARN		Y2
FeatureEnvyDetector	WARN		FirstShape
FeatureEnvyDetector	WARN		SecondShape
FeatureEnvyDetector	WARN	Finded Feature Envy
FeatureEnvyDetector	WARN	at C:\Users\kerueilin9\Desktop\Document\window_design\HW7\DrawingModel\DrawingModel\Line.cs Line 19
FeatureEnvyDetector	WARN	 DrawingModel.Line envy DrawingModel.Shape
FeatureEnvyDetector	WARN	use list:
FeatureEnvyDetector	WARN		X1
FeatureEnvyDetector	WARN		X2
FeatureEnvyDetector	WARN		FirstShape
FeatureEnvyDetector	WARN		SecondShape
FeatureEnvyDetector	WARN	Finded Feature Envy
FeatureEnvyDetector	WARN	at C:\Users\kerueilin9\Desktop\Document\window_design\HW7\DrawingModel\DrawingModel\Line.cs Line 20
FeatureEnvyDetector	WARN	 DrawingModel.Line envy DrawingModel.Shape
FeatureEnvyDetector	WARN	use list:
FeatureEnvyDetector	WARN		Y1
FeatureEnvyDetector	WARN		Y2
FeatureEnvyDetector	WARN		FirstShape
FeatureEnvyDetector	WARN		SecondShape
FeatureEnvyDetector	WARN	Finded Feature Envy
FeatureEnvyDetector	WARN	at C:\Users\kerueilin9\Desktop\Document\window_design\HW7\DrawingModel\DrawingModel\Line.cs Line 22
FeatureEnvyDetector	WARN	 DrawingModel.Line envy DrawingModel.Shape
FeatureEnvyDetector	WARN	use list:
FeatureEnvyDetector	WARN		X1
FeatureEnvyDetector	WARN		X2
FeatureEnvyDetector	WARN		Y1
FeatureEnvyDetector	WARN		Y2
FeatureEnvyDetector	WARN		X1
FeatureEnvyDetector	WARN		X2
FeatureEnvyDetector	WARN		Y1
FeatureEnvyDetector	WARN		Y2
FeatureEnvyDetector	WARN		FirstShape
FeatureEnvyDetector	WARN		SecondShape
FeatureEnvyDetector	WARN	Finded Feature Envy
FeatureEnvyDetector	WARN	at C:\Users\kerueilin9\Desktop\Document\window_design\HW7\DrawingModel\DrawingModel\Line.cs Line 23
FeatureEnvyDetector	WARN	 DrawingModel.Line envy DrawingModel.Shape
FeatureEnvyDetector	WARN	use list:
FeatureEnvyDetector	WARN		FirstShape
FeatureEnvyDetector	WARN		FirstShape
FeatureEnvyDetector	WARN		SecondShape
FeatureEnvyDetector	WARN	Finded Feature Envy
FeatureEnvyDetector	WARN	at C:\Users\kerueilin9\Desktop\Document\window_design\HW7\DrawingModel\DrawingModel\Line.cs Line 25
FeatureEnvyDetector	WARN	 DrawingModel.Line envy DrawingModel.Shape
FeatureEnvyDetector	WARN	use list:
FeatureEnvyDetector	WARN		X1
FeatureEnvyDetector	WARN		X2
FeatureEnvyDetector	WARN		FirstShape
FeatureEnvyDetector	WARN		FirstShape
FeatureEnvyDetector	WARN		SecondShape
FeatureEnvyDetector	WARN	Finded Feature Envy
FeatureEnvyDetector	WARN	at C:\Users\kerueilin9\Desktop\Document\window_design\HW7\DrawingModel\DrawingModel\Line.cs Line 26
FeatureEnvyDetector	WARN	 DrawingModel.Line envy DrawingModel.Shape
FeatureEnvyDetector	WARN	use list:
FeatureEnvyDetector	WARN		Y1
FeatureEnvyDetector	WARN		Y2
FeatureEnvyDetector	WARN		FirstShape
FeatureEnvyDetector	WARN		FirstShape
FeatureEnvyDetector	WARN		SecondShape
FeatureEnvyDetector	WARN	Finded Feature Envy
FeatureEnvyDetector	WARN	at C:\Users\kerueilin9\Desktop\Document\window_design\HW7\DrawingModel\DrawingModel\Line.cs Line 28
FeatureEnvyDetector	WARN	 DrawingModel.Line envy DrawingModel.Shape
FeatureEnvyDetector	WARN	use list:
FeatureEnvyDetector	WARN		X1
FeatureEnvyDetector	WARN		X2
FeatureEnvyDetector	WARN		Y1
FeatureEnvyDetector	WARN		Y2
FeatureEnvyDetector	WARN		FirstShape
FeatureEnvyDetector	WARN		FirstShape
FeatureEnvyDetector	WARN		SecondShape
FeatureEnvyDetector	WARN	Finded Feature Envy
FeatureEnvyDetector	WARN	at C:\Users\kerueilin9\Desktop\Document\window_design\HW7\DrawingModel\DrawingModel\Line.cs Line 15
FeatureEnvyDetector	WARN	 DrawingModel.Line envy DrawingModel.Shape
FeatureEnvyDetector	WARN	use list:
FeatureEnvyDetector	WARN		FirstShape
FeatureEnvyDetector	WARN		SecondShape
FeatureEnvyDetector	WARN	Finded Feature Envy
FeatureEnvyDetector	WARN	at C:\Users\kerueilin9\Desktop\Document\window_design\HW7\DrawingModel\DrawingModel\Line.cs Line 17
FeatureEnvyDetector	WARN	 DrawingModel.Line envy DrawingModel.Shape
FeatureEnvyDetector	WARN	use list:
FeatureEnvyDetector	WARN		X1
FeatureEnvyDetector	WARN		X2
FeatureEnvyDetector	WARN		FirstShape
FeatureEnvyDetector	WARN		SecondShape
FeatureEnvyDetector	WARN	Finded Feature Envy
FeatureEnvyDetector	WARN	at C:\Users\kerueilin9\Desktop\Document\window_design\HW7\DrawingModel\DrawingModel\Line.cs Line 18
FeatureEnvyDetector	WARN	 DrawingModel.Line envy DrawingModel.Shape
FeatureEnvyDetector	WARN	use list:
FeatureEnvyDetector	WARN		Y1
FeatureEnvyDetector	WARN		Y2
FeatureEnvyDetector	WARN		FirstShape
FeatureEnvyDetector	WARN		SecondShape
FeatureEnvyDetector	WARN	Finded Feature Envy
FeatureEnvyDetector	WARN	at C:\Users\kerueilin9\Desktop\Document\window_design\HW7\DrawingModel\DrawingModel\Line.cs Line 19
FeatureEnvyDetector	WARN	 DrawingModel.Line envy DrawingModel.Shape
FeatureEnvyDetector	WARN	use list:
FeatureEnvyDetector	WARN		X1
FeatureEnvyDetector	WARN		X2
FeatureEnvyDetector	WARN		FirstShape
FeatureEnvyDetector	WARN		SecondShape
FeatureEnvyDetector	WARN	Finded Feature Envy
FeatureEnvyDetector	WARN	at C:\Users\kerueilin9\Desktop\Document\window_design\HW7\DrawingModel\DrawingModel\Line.cs Line 20
FeatureEnvyDetector	WARN	 DrawingModel.Line envy DrawingModel.Shape
FeatureEnvyDetector	WARN	use list:
FeatureEnvyDetector	WARN		Y1
FeatureEnvyDetector	WARN		Y2
FeatureEnvyDetector	WARN		FirstShape
FeatureEnvyDetector	WARN		SecondShape
FeatureEnvyDetector	WARN	Finded Feature Envy
FeatureEnvyDetector	WARN	at C:\Users\kerueilin9\Desktop\Document\window_design\HW7\DrawingModel\DrawingModel\Line.cs Line 22
FeatureEnvyDetector	WARN	 DrawingModel.Line envy DrawingModel.Shape
FeatureEnvyDetector	WARN	use list:
FeatureEnvyDetector	WARN		X1
FeatureEnvyDetector	WARN		X2
FeatureEnvyDetector	WARN		Y1
FeatureEnvyDetector	WARN		Y2
FeatureEnvyDetector	WARN		X1
FeatureEnvyDetector	WARN		X2
FeatureEnvyDetector	WARN		Y1
FeatureEnvyDetector	WARN		Y2
FeatureEnvyDetector	WARN		FirstShape
FeatureEnvyDetector	WARN		SecondShape
FeatureEnvyDetector	WARN	Finded Feature Envy
FeatureEnvyDetector	WARN	at C:\Users\kerueilin9\Desktop\Document\window_design\HW7\DrawingModel\DrawingModel\Line.cs Line 23
FeatureEnvyDetector	WARN	 DrawingModel.Line envy DrawingModel.Shape
FeatureEnvyDetector	WARN	use list:
FeatureEnvyDetector	WARN		FirstShape
FeatureEnvyDetector	WARN		FirstShape
FeatureEnvyDetector	WARN		SecondShape
FeatureEnvyDetector	WARN	Finded Feature Envy
FeatureEnvyDetector	WARN	at C:\Users\kerueilin9\Desktop\Document\window_design\HW7\DrawingModel\DrawingModel\Line.cs Line 25
FeatureEnvyDetector	WARN	 DrawingModel.Line envy DrawingModel.Shape
FeatureEnvyDetector	WARN	use list:
FeatureEnvyDetector	WARN		X1
FeatureEnvyDetector	WARN		X2
FeatureEnvyDetector	WARN		FirstShape
FeatureEnvyDetector	WARN		FirstShape
FeatureEnvyDetector	WARN		SecondShape
FeatureEnvyDetector	WARN	Finded Feature Envy
FeatureEnvyDetector	WARN	at C:\Users\kerueilin9\Desktop\Document\window_design\HW7\DrawingModel\DrawingModel\Line.cs Line 26
FeatureEnvyDetector	WARN	 DrawingModel.Line envy DrawingModel.Shape
FeatureEnvyDetector	WARN	use list:
FeatureEnvyDetector	WARN		Y1
FeatureEnvyDetector	WARN		Y2
FeatureEnvyDetector	WARN		FirstShape
FeatureEnvyDetector	WARN		FirstShape
FeatureEnvyDetector	WARN		SecondShape
FeatureEnvyDetector	WARN	Finded Feature Envy
FeatureEnvyDetector	WARN	at C:\Users\kerueilin9\Desktop\Document\window_design\HW7\DrawingModel\DrawingModel\Line.cs Line 28
FeatureEnvyDetector	WARN	 DrawingModel.Line envy DrawingModel.Shape
FeatureEnvyDetector	WARN	use list:
FeatureEnvyDetector	WARN		X1
FeatureEnvyDetector	WARN		X2
FeatureEnvyDetector	WARN		Y1
FeatureEnvyDetector	WARN		Y2
FeatureEnvyDetector	WARN		FirstShape
FeatureEnvyDetector	WARN		FirstShape
FeatureEnvyDetector	WARN		SecondShape
FeatureEnvyDetector	WARN	Finded Feature Envy
FeatureEnvyDetector	WARN	at C:\Users\kerueilin9\Desktop\Document\window_design\HW7\DrawingModel\DrawingModel\Line.cs Line 16
FeatureEnvyDetector	WARN	 DrawingModel.Line envy DrawingModel.Shape
FeatureEnvyDetector	WARN	use list:
FeatureEnvyDetector	WARN		FirstShape
FeatureEnvyDetector	WARN		SecondShape
FeatureEnvyDetector	WARN	Finded Feature Envy
FeatureEnvyDetector	WARN	at C:\Users\kerueilin9\Desktop\Document\window_design\HW7\DrawingModel\DrawingModel\Line.cs Line 18
FeatureEnvyDetector	WARN	 DrawingModel.Line envy DrawingModel.Shape
FeatureEnvyDetector	WARN	use list:
FeatureEnvyDetector	WARN		X1
FeatureEnvyDetector	WARN		X2
FeatureEnvyDetector	WARN		FirstShape
FeatureEnvyDetector	WARN		SecondShape
FeatureEnvyDetector	WARN	Finded Feature Envy
FeatureEnvyDetector	WARN	at C:\Users\kerueilin9\Desktop\Document\window_design\HW7\DrawingModel\DrawingModel\Line.cs Line 19
FeatureEnvyDetector	WARN	 DrawingModel.Line envy DrawingModel.Shape
FeatureEnvyDetector	WARN	use list:
FeatureEnvyDetector	WARN		Y1
FeatureEnvyDetector	WARN		Y2
FeatureEnvyDetector	WARN		FirstShape
FeatureEnvyDetector	WARN		SecondShape
FeatureEnvyDetector	WARN	Finded Feature Envy
FeatureEnvyDetector	WARN	at C:\Users\kerueilin9\Desktop\Document\window_design\HW7\DrawingModel\DrawingModel\Line.cs Line 20
FeatureEnvyDetector	WARN	 DrawingModel.Line envy DrawingModel.Shape
FeatureEnvyDetector	WARN	use list:
FeatureEnvyDetector	WARN		X1
FeatureEnvyDetector	WARN		X2
FeatureEnvyDetector	WARN		FirstShape
FeatureEnvyDetector	WARN		SecondShape
FeatureEnvyDetector	WARN	Finded Feature Envy
FeatureEnvyDetector	WARN	at C:\Users\kerueilin9\Desktop\Document\window_design\HW7\DrawingModel\DrawingModel\Line.cs Line 21
FeatureEnvyDetector	WARN	 DrawingModel.Line envy DrawingModel.Shape
FeatureEnvyDetector	WARN	use list:
FeatureEnvyDetector	WARN		Y1
FeatureEnvyDetector	WARN		Y2
FeatureEnvyDetector	WARN		FirstShape
FeatureEnvyDetector	WARN		SecondShape
FeatureEnvyDetector	WARN	Finded Feature Envy
FeatureEnvyDetector	WARN	at C:\Users\kerueilin9\Desktop\Document\window_design\HW7\DrawingModel\DrawingModel\Line.cs Line 23
FeatureEnvyDetector	WARN	 DrawingModel.Line envy DrawingModel.Shape
FeatureEnvyDetector	WARN	use list:
FeatureEnvyDetector	WARN		X1
FeatureEnvyDetector	WARN		X2
FeatureEnvyDetector	WARN		Y1
FeatureEnvyDetector	WARN		Y2
FeatureEnvyDetector	WARN		X1
FeatureEnvyDetector	WARN		X2
FeatureEnvyDetector	WARN		Y1
FeatureEnvyDetector	WARN		Y2
FeatureEnvyDetector	WARN		FirstShape
FeatureEnvyDetector	WARN		SecondShape
FeatureEnvyDetector	WARN	Finded Feature Envy
FeatureEnvyDetector	WARN	at C:\Users\kerueilin9\Desktop\Document\window_design\HW7\DrawingModel\DrawingModel\Line.cs Line 24
FeatureEnvyDetector	WARN	 DrawingModel.Line envy DrawingModel.Shape
FeatureEnvyDetector	WARN	use list:
FeatureEnvyDetector	WARN		FirstShape
FeatureEnvyDetector	WARN		FirstShape
FeatureEnvyDetector	WARN		SecondShape
FeatureEnvyDetector	WARN	Finded Feature Envy
FeatureEnvyDetector	WARN	at C:\Users\kerueilin9\Desktop\Document\window_design\HW7\DrawingModel\DrawingModel\Line.cs Line 26
FeatureEnvyDetector	WARN	 DrawingModel.Line envy DrawingModel.Shape
FeatureEnvyDetector	WARN	use list:
FeatureEnvyDetector	WARN		X1
FeatureEnvyDetector	WARN		X2
FeatureEnvyDetector	WARN		FirstShape
FeatureEnvyDetector	WARN		FirstShape
FeatureEnvyDetector	WARN		SecondShape
FeatureEnvyDetector	WARN	Finded Feature Envy
FeatureEnvyDetector	WARN	at C:\Users\kerueilin9\Desktop\Document\window_design\HW7\DrawingModel\DrawingModel\Line.cs Line 27
FeatureEnvyDetector	WARN	 DrawingModel.Line envy DrawingModel.Shape
FeatureEnvyDetector	WARN	use list:
FeatureEnvyDetector	WARN		Y1
FeatureEnvyDetector	WARN		Y2
FeatureEnvyDetector	WARN		FirstShape
FeatureEnvyDetector	WARN		FirstShape
FeatureEnvyDetector	WARN		SecondShape
FeatureEnvyDetector	WARN	Finded Feature Envy
FeatureEnvyDetector	WARN	at C:\Users\kerueilin9\Desktop\Document\window_design\HW7\DrawingModel\DrawingModel\Line.cs Line 29
FeatureEnvyDetector	WARN	 DrawingModel.Line envy DrawingModel.Shape
FeatureEnvyDetector	WARN	use list:
FeatureEnvyDetector	WARN		X1
FeatureEnvyDetector	WARN		X2
FeatureEnvyDetector	WARN		Y1
FeatureEnvyDetector	WARN		Y2
FeatureEnvyDetector	WARN		FirstShape
FeatureEnvyDetector	WARN		FirstShape
FeatureEnvyDetector	WARN		SecondShape
FeatureEnvyDetector	WARN	Finded Feature Envy
FeatureEnvyDetector	WARN	at C:\Users\kerueilin9\Desktop\Document\window_design\HW7\DrawingModel\DrawingModel\Line.cs Line 16
FeatureEnvyDetector	WARN	 DrawingModel.Line envy DrawingModel.Shape
FeatureEnvyDetector	WARN	use list:
FeatureEnvyDetector	WARN		FirstShape
FeatureEnvyDetector	WARN		SecondShape
FeatureEnvyDetector	WARN	Finded Feature Envy
FeatureEnvyDetector	WARN	at C:\Users\kerueilin9\Desktop\Document\window_design\HW7\DrawingModel\DrawingModel\Line.cs Line 18
FeatureEnvyDetector	WARN	 DrawingModel.Line envy DrawingModel.Shape
FeatureEnvyDetector	WARN	use list:
FeatureEnvyDetector	WARN		X1
FeatureEnvyDetector	WARN		X2
FeatureEnvyDetector	WARN		FirstShape
FeatureEnvyDetector	WARN		SecondShape
FeatureEnvyDetector	WARN	Finded Feature Envy
FeatureEnvyDetector	WARN	at C:\Users\kerueilin9\Desktop\Document\window_design\HW7\DrawingModel\DrawingModel\Line.cs Line 19
FeatureEnvyDetector	WARN	 DrawingModel.Line envy DrawingModel.Shape
FeatureEnvyDetector	WARN	use list:
FeatureEnvyDetector	WARN		Y1
FeatureEnvyDetector	WARN		Y2
FeatureEnvyDetector	WARN		FirstShape
FeatureEnvyDetector	WARN		SecondShape
FeatureEnvyDetector	WARN	Finded Feature Envy
FeatureEnvyDetector	WARN	at C:\Users\kerueilin9\Desktop\Document\window_design\HW7\DrawingModel\DrawingModel\Line.cs Line 20
FeatureEnvyDetector	WARN	 DrawingModel.Line envy DrawingModel.Shape
FeatureEnvyDetector	WARN	use list:
FeatureEnvyDetector	WARN		X1
FeatureEnvyDetector	WARN		X2
FeatureEnvyDetector	WARN		FirstShape
FeatureEnvyDetector	WARN		SecondShape
FeatureEnvyDetector	WARN	Finded Feature Envy
FeatureEnvyDetector	WARN	at C:\Users\kerueilin9\Desktop\Document\window_design\HW7\DrawingModel\DrawingModel\Line.cs Line 21
FeatureEnvyDetector	WARN	 DrawingModel.Line envy DrawingModel.Shape
FeatureEnvyDetector	WARN	use list:
FeatureEnvyDetector	WARN		Y1
FeatureEnvyDetector	WARN		Y2
FeatureEnvyDetector	WARN		FirstShape
FeatureEnvyDetector	WARN		SecondShape
FeatureEnvyDetector	WARN	Finded Feature Envy
FeatureEnvyDetector	WARN	at C:\Users\kerueilin9\Desktop\Document\window_design\HW7\DrawingModel\DrawingModel\Line.cs Line 23
FeatureEnvyDetector	WARN	 DrawingModel.Line envy DrawingModel.Shape
FeatureEnvyDetector	WARN	use list:
FeatureEnvyDetector	WARN		X1
FeatureEnvyDetector	WARN		X2
FeatureEnvyDetector	WARN		Y1
FeatureEnvyDetector	WARN		Y2
FeatureEnvyDetector	WARN		X1
FeatureEnvyDetector	WARN		X2
FeatureEnvyDetector	WARN		Y1
FeatureEnvyDetector	WARN		Y2
FeatureEnvyDetector	WARN		FirstShape
FeatureEnvyDetector	WARN		SecondShape
FeatureEnvyDetector	WARN	Finded Feature Envy
FeatureEnvyDetector	WARN	at C:\Users\kerueilin9\Desktop\Document\window_design\HW7\DrawingModel\DrawingModel\Line.cs Line 24
FeatureEnvyDetector	WARN	 DrawingModel.Line envy DrawingModel.Shape
FeatureEnvyDetector	WARN	use list:
FeatureEnvyDetector	WARN		FirstShape
FeatureEnvyDetector	WARN		FirstShape
FeatureEnvyDetector	WARN		SecondShape
FeatureEnvyDetector	WARN	Finded Feature Envy
FeatureEnvyDetector	WARN	at C:\Users\kerueilin9\Desktop\Document\window_design\HW7\DrawingModel\DrawingModel\Line.cs Line 26
FeatureEnvyDetector	WARN	 DrawingModel.Line envy DrawingModel.Shape
FeatureEnvyDetector	WARN	use list:
FeatureEnvyDetector	WARN		X1
FeatureEnvyDetector	WARN		X2
FeatureEnvyDetector	WARN		FirstShape
FeatureEnvyDetector	WARN		FirstShape
FeatureEnvyDetector	WARN		SecondShape
FeatureEnvyDetector	WARN	Finded Feature Envy
FeatureEnvyDetector	WARN	at C:\Users\kerueilin9\Desktop\Document\window_design\HW7\DrawingModel\DrawingModel\Line.cs Line 27
FeatureEnvyDetector	WARN	 DrawingModel.Line envy DrawingModel.Shape
FeatureEnvyDetector	WARN	use list:
FeatureEnvyDetector	WARN		Y1
FeatureEnvyDetector	WARN		Y2
FeatureEnvyDetector	WARN		FirstShape
FeatureEnvyDetector	WARN		FirstShape
FeatureEnvyDetector	WARN		SecondShape
FeatureEnvyDetector	WARN	Finded Feature Envy
FeatureEnvyDetector	WARN	at C:\Users\kerueilin9\Desktop\Document\window_design\HW7\DrawingModel\DrawingModel\Line.cs Line 29
FeatureEnvyDetector	WARN	 DrawingModel.Line envy DrawingModel.Shape
FeatureEnvyDetector	WARN	use list:
FeatureEnvyDetector	WARN		X1
FeatureEnvyDetector	WARN		X2
FeatureEnvyDetector	WARN		Y1
FeatureEnvyDetector	WARN		Y2
FeatureEnvyDetector	WARN		FirstShape
FeatureEnvyDetector	WARN		FirstShape
FeatureEnvyDetector	WARN		SecondShape
FeatureEnvyDetector	WARN	Finded Feature Envy
FeatureEnvyDetector	WARN	at C:\Users\kerueilin9\Desktop\Document\window_design\HW7\DrawingModel\DrawingModel\Line.cs Line 16
FeatureEnvyDetector	WARN	 DrawingModel.Line envy DrawingModel.Shape
FeatureEnvyDetector	WARN	use list:
FeatureEnvyDetector	WARN		FirstShape
FeatureEnvyDetector	WARN		SecondShape
FeatureEnvyDetector	WARN	Finded Feature Envy
FeatureEnvyDetector	WARN	at C:\Users\kerueilin9\Desktop\Document\window_design\HW7\DrawingModel\DrawingModel\Line.cs Line 18
FeatureEnvyDetector	WARN	 DrawingModel.Line envy DrawingModel.Shape
FeatureEnvyDetector	WARN	use list:
FeatureEnvyDetector	WARN		X1
FeatureEnvyDetector	WARN		X2
FeatureEnvyDetector	WARN		FirstShape
FeatureEnvyDetector	WARN		SecondShape
FeatureEnvyDetector	WARN	Finded Feature Envy
FeatureEnvyDetector	WARN	at C:\Users\kerueilin9\Desktop\Document\window_design\HW7\DrawingModel\DrawingModel\Line.cs Line 19
FeatureEnvyDetector	WARN	 DrawingModel.Line envy DrawingModel.Shape
FeatureEnvyDetector	WARN	use list:
FeatureEnvyDetector	WARN		Y1
FeatureEnvyDetector	WARN		Y2
FeatureEnvyDetector	WARN		FirstShape
FeatureEnvyDetector	WARN		SecondShape
FeatureEnvyDetector	WARN	Finded Feature Envy
FeatureEnvyDetector	WARN	at C:\Users\kerueilin9\Desktop\Document\window_design\HW7\DrawingModel\DrawingModel\Line.cs Line 20
FeatureEnvyDetector	WARN	 DrawingModel.Line envy DrawingModel.Shape
FeatureEnvyDetector	WARN	use list:
FeatureEnvyDetector	WARN		X1
FeatureEnvyDetector	WARN		X2
FeatureEnvyDetector	WARN		FirstShape
FeatureEnvyDetector	WARN		SecondShape
FeatureEnvyDetector	WARN	Finded Feature Envy
FeatureEnvyDetector	WARN	at C:\Users\kerueilin9\Desktop\Document\window_design\HW7\DrawingModel\DrawingModel\Line.cs Line 21
FeatureEnvyDetector	WARN	 DrawingModel.Line envy DrawingModel.Shape
FeatureEnvyDetector	WARN	use list:
FeatureEnvyDetector	WARN		Y1
FeatureEnvyDetector	WARN		Y2
FeatureEnvyDetector	WARN		FirstShape
FeatureEnvyDetector	WARN		SecondShape
FeatureEnvyDetector	WARN	Finded Feature Envy
FeatureEnvyDetector	WARN	at C:\Users\kerueilin9\Desktop\Document\window_design\HW7\DrawingModel\DrawingModel\Line.cs Line 23
FeatureEnvyDetector	WARN	 DrawingModel.Line envy DrawingModel.Shape
FeatureEnvyDetector	WARN	use list:
FeatureEnvyDetector	WARN		X1
FeatureEnvyDetector	WARN		X2
FeatureEnvyDetector	WARN		Y1
FeatureEnvyDetector	WARN		Y2
FeatureEnvyDetector	WARN		X1
FeatureEnvyDetector	WARN		X2
FeatureEnvyDetector	WARN		Y1
FeatureEnvyDetector	WARN		Y2
FeatureEnvyDetector	WARN		FirstShape
FeatureEnvyDetector	WARN		SecondShape
FeatureEnvyDetector	WARN	Finded Feature Envy
FeatureEnvyDetector	WARN	at C:\Users\kerueilin9\Desktop\Document\window_design\HW7\DrawingModel\DrawingModel\Line.cs Line 24
FeatureEnvyDetector	WARN	 DrawingModel.Line envy DrawingModel.Shape
FeatureEnvyDetector	WARN	use list:
FeatureEnvyDetector	WARN		FirstShape
FeatureEnvyDetector	WARN		FirstShape
FeatureEnvyDetector	WARN		SecondShape
FeatureEnvyDetector	WARN	Finded Feature Envy
FeatureEnvyDetector	WARN	at C:\Users\kerueilin9\Desktop\Document\window_design\HW7\DrawingModel\DrawingModel\Line.cs Line 26
FeatureEnvyDetector	WARN	 DrawingModel.Line envy DrawingModel.Shape
FeatureEnvyDetector	WARN	use list:
FeatureEnvyDetector	WARN		X1
FeatureEnvyDetector	WARN		X2
FeatureEnvyDetector	WARN		FirstShape
FeatureEnvyDetector	WARN		FirstShape
FeatureEnvyDetector	WARN		SecondShape
FeatureEnvyDetector	WARN	Finded Feature Envy
FeatureEnvyDetector	WARN	at C:\Users\kerueilin9\Desktop\Document\window_design\HW7\DrawingModel\DrawingModel\Line.cs Line 27
FeatureEnvyDetector	WARN	 DrawingModel.Line envy DrawingModel.Shape
FeatureEnvyDetector	WARN	use list:
FeatureEnvyDetector	WARN		Y1
FeatureEnvyDetector	WARN		Y2
FeatureEnvyDetector	WARN		FirstShape
FeatureEnvyDetector	WARN		FirstShape
FeatureEnvyDetector	WARN		SecondShape
FeatureEnvyDetector	WARN	Finded Feature Envy
FeatureEnvyDetector	WARN	at C:\Users\kerueilin9\Desktop\Document\window_design\HW7\DrawingModel\DrawingModel\Line.cs Line 29
FeatureEnvyDetector	WARN	 DrawingModel.Line envy DrawingModel.Shape
FeatureEnvyDetector	WARN	use list:
FeatureEnvyDetector	WARN		X1
FeatureEnvyDetector	WARN		X2
FeatureEnvyDetector	WARN		Y1
FeatureEnvyDetector	WARN		Y2
FeatureEnvyDetector	WARN		FirstShape
FeatureEnvyDetector	WARN		FirstShape
FeatureEnvyDetector	WARN		SecondShape
FeatureEnvyDetector	WARN	Finded Feature Envy
FeatureEnvyDetector	WARN	at C:\Users\kerueilin9\Desktop\Document\window_design\HW7\DrawingModel\DrawingModel\Line.cs Line 16
FeatureEnvyDetector	WARN	 DrawingModel.Line envy DrawingModel.Shape
FeatureEnvyDetector	WARN	use list:
FeatureEnvyDetector	WARN		FirstShape
FeatureEnvyDetector	WARN		SecondShape
FeatureEnvyDetector	WARN	Finded Feature Envy
FeatureEnvyDetector	WARN	at C:\Users\kerueilin9\Desktop\Document\window_design\HW7\DrawingModel\DrawingModel\Line.cs Line 18
FeatureEnvyDetector	WARN	 DrawingModel.Line envy DrawingModel.Shape
FeatureEnvyDetector	WARN	use list:
FeatureEnvyDetector	WARN		X1
FeatureEnvyDetector	WARN		X2
FeatureEnvyDetector	WARN		FirstShape
FeatureEnvyDetector	WARN		SecondShape
FeatureEnvyDetector	WARN	Finded Feature Envy
FeatureEnvyDetector	WARN	at C:\Users\kerueilin9\Desktop\Document\window_design\HW7\DrawingModel\DrawingModel\Line.cs Line 19
FeatureEnvyDetector	WARN	 DrawingModel.Line envy DrawingModel.Shape
FeatureEnvyDetector	WARN	use list:
FeatureEnvyDetector	WARN		Y1
FeatureEnvyDetector	WARN		Y2
FeatureEnvyDetector	WARN		FirstShape
FeatureEnvyDetector	WARN		SecondShape
FeatureEnvyDetector	WARN	Finded Feature Envy
FeatureEnvyDetector	WARN	at C:\Users\kerueilin9\Desktop\Document\window_design\HW7\DrawingModel\DrawingModel\Line.cs Line 20
FeatureEnvyDetector	WARN	 DrawingModel.Line envy DrawingModel.Shape
FeatureEnvyDetector	WARN	use list:
FeatureEnvyDetector	WARN		X1
FeatureEnvyDetector	WARN		X2
FeatureEnvyDetector	WARN		FirstShape
FeatureEnvyDetector	WARN		SecondShape
FeatureEnvyDetector	WARN	Finded Feature Envy
FeatureEnvyDetector	WARN	at C:\Users\kerueilin9\Desktop\Document\window_design\HW7\DrawingModel\DrawingModel\Line.cs Line 21
FeatureEnvyDetector	WARN	 DrawingModel.Line envy DrawingModel.Shape
FeatureEnvyDetector	WARN	use list:
FeatureEnvyDetector	WARN		Y1
FeatureEnvyDetector	WARN		Y2
FeatureEnvyDetector	WARN		FirstShape
FeatureEnvyDetector	WARN		SecondShape
FeatureEnvyDetector	WARN	Finded Feature Envy
FeatureEnvyDetector	WARN	at C:\Users\kerueilin9\Desktop\Document\window_design\HW7\DrawingModel\DrawingModel\Line.cs Line 23
FeatureEnvyDetector	WARN	 DrawingModel.Line envy DrawingModel.Shape
FeatureEnvyDetector	WARN	use list:
FeatureEnvyDetector	WARN		X1
FeatureEnvyDetector	WARN		X2
FeatureEnvyDetector	WARN		Y1
FeatureEnvyDetector	WARN		Y2
FeatureEnvyDetector	WARN		X1
FeatureEnvyDetector	WARN		X2
FeatureEnvyDetector	WARN		Y1
FeatureEnvyDetector	WARN		Y2
FeatureEnvyDetector	WARN		FirstShape
FeatureEnvyDetector	WARN		SecondShape
FeatureEnvyDetector	WARN	Finded Feature Envy
FeatureEnvyDetector	WARN	at C:\Users\kerueilin9\Desktop\Document\window_design\HW7\DrawingModel\DrawingModel\Line.cs Line 24
FeatureEnvyDetector	WARN	 DrawingModel.Line envy DrawingModel.Shape
FeatureEnvyDetector	WARN	use list:
FeatureEnvyDetector	WARN		FirstShape
FeatureEnvyDetector	WARN		FirstShape
FeatureEnvyDetector	WARN		SecondShape
FeatureEnvyDetector	WARN	Finded Feature Envy
FeatureEnvyDetector	WARN	at C:\Users\kerueilin9\Desktop\Document\window_design\HW7\DrawingModel\DrawingModel\Line.cs Line 26
FeatureEnvyDetector	WARN	 DrawingModel.Line envy DrawingModel.Shape
FeatureEnvyDetector	WARN	use list:
FeatureEnvyDetector	WARN		X1
FeatureEnvyDetector	WARN		X2
FeatureEnvyDetector	WARN		FirstShape
FeatureEnvyDetector	WARN		FirstShape
FeatureEnvyDetector	WARN		SecondShape
FeatureEnvyDetector	WARN	Finded Feature Envy
FeatureEnvyDetector	WARN	at C:\Users\kerueilin9\Desktop\Document\window_design\HW7\DrawingModel\DrawingModel\Line.cs Line 27
FeatureEnvyDetector	WARN	 DrawingModel.Line envy DrawingModel.Shape
FeatureEnvyDetector	WARN	use list:
FeatureEnvyDetector	WARN		Y1
FeatureEnvyDetector	WARN		Y2
FeatureEnvyDetector	WARN		FirstShape
FeatureEnvyDetector	WARN		FirstShape
FeatureEnvyDetector	WARN		SecondShape
FeatureEnvyDetector	WARN	Finded Feature Envy
FeatureEnvyDetector	WARN	at C:\Users\kerueilin9\Desktop\Document\window_design\HW7\DrawingModel\DrawingModel\Line.cs Line 29
FeatureEnvyDetector	WARN	 DrawingModel.Line envy DrawingModel.Shape
FeatureEnvyDetector	WARN	use list:
FeatureEnvyDetector	WARN		X1
FeatureEnvyDetector	WARN		X2
FeatureEnvyDetector	WARN		Y1
FeatureEnvyDetector	WARN		Y2
FeatureEnvyDetector	WARN		FirstShape
FeatureEnvyDetector	WARN		FirstShape
FeatureEnvyDetector	WARN		SecondShape
FeatureEnvyDetector	WARN	Finded Feature Envy
FeatureEnvyDetector	WARN	at C:\Users\kerueilin9\Desktop\Document\window_design\HW7\DrawingModel\DrawingModel\Line.cs Line 16
FeatureEnvyDetector	WARN	 DrawingModel.Line envy DrawingModel.Shape
FeatureEnvyDetector	WARN	use list:
FeatureEnvyDetector	WARN		FirstShape
FeatureEnvyDetector	WARN		SecondShape
FeatureEnvyDetector	WARN	Finded Feature Envy
FeatureEnvyDetector	WARN	at C:\Users\kerueilin9\Desktop\Document\window_design\HW7\DrawingModel\DrawingModel\Line.cs Line 18
FeatureEnvyDetector	WARN	 DrawingModel.Line envy DrawingModel.Shape
FeatureEnvyDetector	WARN	use list:
FeatureEnvyDetector	WARN		X1
FeatureEnvyDetector	WARN		X2
FeatureEnvyDetector	WARN		FirstShape
FeatureEnvyDetector	WARN		SecondShape
FeatureEnvyDetector	WARN	Finded Feature Envy
FeatureEnvyDetector	WARN	at C:\Users\kerueilin9\Desktop\Document\window_design\HW7\DrawingModel\DrawingModel\Line.cs Line 19
FeatureEnvyDetector	WARN	 DrawingModel.Line envy DrawingModel.Shape
FeatureEnvyDetector	WARN	use list:
FeatureEnvyDetector	WARN		Y1
FeatureEnvyDetector	WARN		Y2
FeatureEnvyDetector	WARN		FirstShape
FeatureEnvyDetector	WARN		SecondShape
FeatureEnvyDetector	WARN	Finded Feature Envy
FeatureEnvyDetector	WARN	at C:\Users\kerueilin9\Desktop\Document\window_design\HW7\DrawingModel\DrawingModel\Line.cs Line 20
FeatureEnvyDetector	WARN	 DrawingModel.Line envy DrawingModel.Shape
FeatureEnvyDetector	WARN	use list:
FeatureEnvyDetector	WARN		X1
FeatureEnvyDetector	WARN		X2
FeatureEnvyDetector	WARN		FirstShape
FeatureEnvyDetector	WARN		SecondShape
FeatureEnvyDetector	WARN	Finded Feature Envy
FeatureEnvyDetector	WARN	at C:\Users\kerueilin9\Desktop\Document\window_design\HW7\DrawingModel\DrawingModel\Line.cs Line 21
FeatureEnvyDetector	WARN	 DrawingModel.Line envy DrawingModel.Shape
FeatureEnvyDetector	WARN	use list:
FeatureEnvyDetector	WARN		Y1
FeatureEnvyDetector	WARN		Y2
FeatureEnvyDetector	WARN		FirstShape
FeatureEnvyDetector	WARN		SecondShape
FeatureEnvyDetector	WARN	Finded Feature Envy
FeatureEnvyDetector	WARN	at C:\Users\kerueilin9\Desktop\Document\window_design\HW7\DrawingModel\DrawingModel\Line.cs Line 23
FeatureEnvyDetector	WARN	 DrawingModel.Line envy DrawingModel.Shape
FeatureEnvyDetector	WARN	use list:
FeatureEnvyDetector	WARN		X1
FeatureEnvyDetector	WARN		X2
FeatureEnvyDetector	WARN		Y1
FeatureEnvyDetector	WARN		Y2
FeatureEnvyDetector	WARN		X1
FeatureEnvyDetector	WARN		X2
FeatureEnvyDetector	WARN		Y1
FeatureEnvyDetector	WARN		Y2
FeatureEnvyDetector	WARN		FirstShape
FeatureEnvyDetector	WARN		SecondShape
FeatureEnvyDetector	WARN	Finded Feature Envy
FeatureEnvyDetector	WARN	at C:\Users\kerueilin9\Desktop\Document\window_design\HW7\DrawingModel\DrawingModel\Line.cs Line 24
FeatureEnvyDetector	WARN	 DrawingModel.Line envy DrawingModel.Shape
FeatureEnvyDetector	WARN	use list:
FeatureEnvyDetector	WARN		FirstShape
FeatureEnvyDetector	WARN		FirstShape
FeatureEnvyDetector	WARN		SecondShape
FeatureEnvyDetector	WARN	Finded Feature Envy
FeatureEnvyDetector	WARN	at C:\Users\kerueilin9\Desktop\Document\window_design\HW7\DrawingModel\DrawingModel\Line.cs Line 26
FeatureEnvyDetector	WARN	 DrawingModel.Line envy DrawingModel.Shape
FeatureEnvyDetector	WARN	use list:
FeatureEnvyDetector	WARN		X1
FeatureEnvyDetector	WARN		X2
FeatureEnvyDetector	WARN		FirstShape
FeatureEnvyDetector	WARN		FirstShape
FeatureEnvyDetector	WARN		SecondShape
FeatureEnvyDetector	WARN	Finded Feature Envy
FeatureEnvyDetector	WARN	at C:\Users\kerueilin9\Desktop\Document\window_design\HW7\DrawingModel\DrawingModel\Line.cs Line 27
FeatureEnvyDetector	WARN	 DrawingModel.Line envy DrawingModel.Shape
FeatureEnvyDetector	WARN	use list:
FeatureEnvyDetector	WARN		Y1
FeatureEnvyDetector	WARN		Y2
FeatureEnvyDetector	WARN		FirstShape
FeatureEnvyDetector	WARN		FirstShape
FeatureEnvyDetector	WARN		SecondShape
FeatureEnvyDetector	WARN	Finded Feature Envy
FeatureEnvyDetector	WARN	at C:\Users\kerueilin9\Desktop\Document\window_design\HW7\DrawingModel\DrawingModel\Line.cs Line 29
FeatureEnvyDetector	WARN	 DrawingModel.Line envy DrawingModel.Shape
FeatureEnvyDetector	WARN	use list:
FeatureEnvyDetector	WARN		X1
FeatureEnvyDetector	WARN		X2
FeatureEnvyDetector	WARN		Y1
FeatureEnvyDetector	WARN		Y2
FeatureEnvyDetector	WARN		FirstShape
FeatureEnvyDetector	WARN		FirstShape
FeatureEnvyDetector	WARN		SecondShape
FeatureEnvyDetector	WARN	Finded Feature Envy
FeatureEnvyDetector	WARN	at C:\Users\kerueilin9\Desktop\Document\window_design\HW7\DrawingModel\DrawingModel\Line.cs Line 16
FeatureEnvyDetector	WARN	 DrawingModel.Line envy DrawingModel.Shape
FeatureEnvyDetector	WARN	use list:
FeatureEnvyDetector	WARN		FirstShape
FeatureEnvyDetector	WARN		SecondShape
FeatureEnvyDetector	WARN	Finded Feature Envy
FeatureEnvyDetector	WARN	at C:\Users\kerueilin9\Desktop\Document\window_design\HW7\DrawingModel\DrawingModel\Line.cs Line 18
FeatureEnvyDetector	WARN	 DrawingModel.Line envy DrawingModel.Shape
FeatureEnvyDetector	WARN	use list:
FeatureEnvyDetector	WARN		X1
FeatureEnvyDetector	WARN		X2
FeatureEnvyDetector	WARN		FirstShape
FeatureEnvyDetector	WARN		SecondShape
FeatureEnvyDetector	WARN	Finded Feature Envy
FeatureEnvyDetector	WARN	at C:\Users\kerueilin9\Desktop\Document\window_design\HW7\DrawingModel\DrawingModel\Line.cs Line 19
FeatureEnvyDetector	WARN	 DrawingModel.Line envy DrawingModel.Shape
FeatureEnvyDetector	WARN	use list:
FeatureEnvyDetector	WARN		Y1
FeatureEnvyDetector	WARN		Y2
FeatureEnvyDetector	WARN		FirstShape
FeatureEnvyDetector	WARN		SecondShape
FeatureEnvyDetector	WARN	Finded Feature Envy
FeatureEnvyDetector	WARN	at C:\Users\kerueilin9\Desktop\Document\window_design\HW7\DrawingModel\DrawingModel\Line.cs Line 20
FeatureEnvyDetector	WARN	 DrawingModel.Line envy DrawingModel.Shape
FeatureEnvyDetector	WARN	use list:
FeatureEnvyDetector	WARN		X1
FeatureEnvyDetector	WARN		X2
FeatureEnvyDetector	WARN		FirstShape
FeatureEnvyDetector	WARN		SecondShape
FeatureEnvyDetector	WARN	Finded Feature Envy
FeatureEnvyDetector	WARN	at C:\Users\kerueilin9\Desktop\Document\window_design\HW7\DrawingModel\DrawingModel\Line.cs Line 21
FeatureEnvyDetector	WARN	 DrawingModel.Line envy DrawingModel.Shape
FeatureEnvyDetector	WARN	use list:
FeatureEnvyDetector	WARN		Y1
FeatureEnvyDetector	WARN		Y2
FeatureEnvyDetector	WARN		FirstShape
FeatureEnvyDetector	WARN		SecondShape
FeatureEnvyDetector	WARN	Finded Feature Envy
FeatureEnvyDetector	WARN	at C:\Users\kerueilin9\Desktop\Document\window_design\HW7\DrawingModel\DrawingModel\Line.cs Line 23
FeatureEnvyDetector	WARN	 DrawingModel.Line envy DrawingModel.Shape
FeatureEnvyDetector	WARN	use list:
FeatureEnvyDetector	WARN		X1
FeatureEnvyDetector	WARN		X2
FeatureEnvyDetector	WARN		Y1
FeatureEnvyDetector	WARN		Y2
FeatureEnvyDetector	WARN		X1
FeatureEnvyDetector	WARN		X2
FeatureEnvyDetector	WARN		Y1
FeatureEnvyDetector	WARN		Y2
FeatureEnvyDetector	WARN		FirstShape
FeatureEnvyDetector	WARN		SecondShape
FeatureEnvyDetector	WARN	Finded Feature Envy
FeatureEnvyDetector	WARN	at C:\Users\kerueilin9\Desktop\Document\window_design\HW7\DrawingModel\DrawingModel\Line.cs Line 24
FeatureEnvyDetector	WARN	 DrawingModel.Line envy DrawingModel.Shape
FeatureEnvyDetector	WARN	use list:
FeatureEnvyDetector	WARN		FirstShape
FeatureEnvyDetector	WARN		FirstShape
FeatureEnvyDetector	WARN		SecondShape
FeatureEnvyDetector	WARN	Finded Feature Envy
FeatureEnvyDetector	WARN	at C:\Users\kerueilin9\Desktop\Document\window_design\HW7\DrawingModel\DrawingModel\Line.cs Line 26
FeatureEnvyDetector	WARN	 DrawingModel.Line envy DrawingModel.Shape
FeatureEnvyDetector	WARN	use list:
FeatureEnvyDetector	WARN		X1
FeatureEnvyDetector	WARN		X2
FeatureEnvyDetector	WARN		FirstShape
FeatureEnvyDetector	WARN		FirstShape
FeatureEnvyDetector	WARN		SecondShape
FeatureEnvyDetector	WARN	Finded Feature Envy
FeatureEnvyDetector	WARN	at C:\Users\kerueilin9\Desktop\Document\window_design\HW7\DrawingModel\DrawingModel\Line.cs Line 27
FeatureEnvyDetector	WARN	 DrawingModel.Line envy DrawingModel.Shape
FeatureEnvyDetector	WARN	use list:
FeatureEnvyDetector	WARN		Y1
FeatureEnvyDetector	WARN		Y2
FeatureEnvyDetector	WARN		FirstShape
FeatureEnvyDetector	WARN		FirstShape
FeatureEnvyDetector	WARN		SecondShape
FeatureEnvyDetector	WARN	Finded Feature Envy
FeatureEnvyDetector	WARN	at C:\Users\kerueilin9\Desktop\Document\window_design\HW7\DrawingModel\DrawingModel\Line.cs Line 29
FeatureEnvyDetector	WARN	 DrawingModel.Line envy DrawingModel.Shape
FeatureEnvyDetector	WARN	use list:
FeatureEnvyDetector	WARN		X1
FeatureEnvyDetector	WARN		X2
FeatureEnvyDetector	WARN		Y1
FeatureEnvyDetector	WARN		Y2
FeatureEnvyDetector	WARN		FirstShape
FeatureEnvyDetector	WARN		FirstShape
FeatureEnvyDetector	WARN		SecondShape
FeatureEnvyDetector	WARN	Finded Feature Envy
FeatureEnvyDetector	WARN	at C:\Users\kerueilin9\Desktop\Document\window_design\HW7\DrawingModel\DrawingModel\Line.cs Line 16
FeatureEnvyDetector	WARN	 DrawingModel.Line envy DrawingModel.Shape
FeatureEnvyDetector	WARN	use list:
FeatureEnvyDetector	WARN		FirstShape
FeatureEnvyDetector	WARN		SecondShape
FeatureEnvyDetector	WARN	Finded Feature Envy
FeatureEnvyDetector	WARN	at C:\Users\kerueilin9\Desktop\Document\window_design\HW7\DrawingModel\DrawingModel\Line.cs Line 18
FeatureEnvyDetector	WARN	 DrawingModel.Line envy DrawingModel.Shape
FeatureEnvyDetector	WARN	use list:
FeatureEnvyDetector	WARN		X1
FeatureEnvyDetector	WARN		X2
FeatureEnvyDetector	WARN		FirstShape
FeatureEnvyDetector	WARN		SecondShape
FeatureEnvyDetector	WARN	Finded Feature Envy
FeatureEnvyDetector	WARN	at C:\Users\kerueilin9\Desktop\Document\window_design\HW7\DrawingModel\DrawingModel\Line.cs Line 19
FeatureEnvyDetector	WARN	 DrawingModel.Line envy DrawingModel.Shape
FeatureEnvyDetector	WARN	use list:
FeatureEnvyDetector	WARN		Y1
FeatureEnvyDetector	WARN		Y2
FeatureEnvyDetector	WARN		FirstShape
FeatureEnvyDetector	WARN		SecondShape
FeatureEnvyDetector	WARN	Finded Feature Envy
FeatureEnvyDetector	WARN	at C:\Users\kerueilin9\Desktop\Document\window_design\HW7\DrawingModel\DrawingModel\Line.cs Line 20
FeatureEnvyDetector	WARN	 DrawingModel.Line envy DrawingModel.Shape
FeatureEnvyDetector	WARN	use list:
FeatureEnvyDetector	WARN		X1
FeatureEnvyDetector	WARN		X2
FeatureEnvyDetector	WARN		FirstShape
FeatureEnvyDetector	WARN		SecondShape
FeatureEnvyDetector	WARN	Finded Feature Envy
FeatureEnvyDetector	WARN	at C:\Users\kerueilin9\Desktop\Document\window_design\HW7\DrawingModel\DrawingModel\Line.cs Line 21
FeatureEnvyDetector	WARN	 DrawingModel.Line envy DrawingModel.Shape
FeatureEnvyDetector	WARN	use list:
FeatureEnvyDetector	WARN		Y1
FeatureEnvyDetector	WARN		Y2
FeatureEnvyDetector	WARN		FirstShape
FeatureEnvyDetector	WARN		SecondShape
FeatureEnvyDetector	WARN	Finded Feature Envy
FeatureEnvyDetector	WARN	at C:\Users\kerueilin9\Desktop\Document\window_design\HW7\DrawingModel\DrawingModel\Line.cs Line 23
FeatureEnvyDetector	WARN	 DrawingModel.Line envy DrawingModel.Shape
FeatureEnvyDetector	WARN	use list:
FeatureEnvyDetector	WARN		X1
FeatureEnvyDetector	WARN		X2
FeatureEnvyDetector	WARN		Y1
FeatureEnvyDetector	WARN		Y2
FeatureEnvyDetector	WARN		X1
FeatureEnvyDetector	WARN		X2
FeatureEnvyDetector	WARN		Y1
FeatureEnvyDetector	WARN		Y2
FeatureEnvyDetector	WARN		FirstShape
FeatureEnvyDetector	WARN		SecondShape
FeatureEnvyDetector	WARN	Finded Feature Envy
FeatureEnvyDetector	WARN	at C:\Users\kerueilin9\Desktop\Document\window_design\HW7\DrawingModel\DrawingModel\Line.cs Line 24
FeatureEnvyDetector	WARN	 DrawingModel.Line envy DrawingModel.Shape
FeatureEnvyDetector	WARN	use list:
FeatureEnvyDetector	WARN		FirstShape
FeatureEnvyDetector	WARN		FirstShape
FeatureEnvyDetector	WARN		SecondShape
FeatureEnvyDetector	WARN	Finded Feature Envy
FeatureEnvyDetector	WARN	at C:\Users\kerueilin9\Desktop\Document\window_design\HW7\DrawingModel\DrawingModel\Line.cs Line 26
FeatureEnvyDetector	WARN	 DrawingModel.Line envy DrawingModel.Shape
FeatureEnvyDetector	WARN	use list:
FeatureEnvyDetector	WARN		X1
FeatureEnvyDetector	WARN		X2
FeatureEnvyDetector	WARN		FirstShape
FeatureEnvyDetector	WARN		FirstShape
FeatureEnvyDetector	WARN		SecondShape
FeatureEnvyDetector	WARN	Finded Feature Envy
FeatureEnvyDetector	WARN	at C:\Users\kerueilin9\Desktop\Document\window_design\HW7\DrawingModel\DrawingModel\Line.cs Line 27
FeatureEnvyDetector	WARN	 DrawingModel.Line envy DrawingModel.Shape
FeatureEnvyDetector	WARN	use list:
FeatureEnvyDetector	WARN		Y1
FeatureEnvyDetector	WARN		Y2
FeatureEnvyDetector	WARN		FirstShape
FeatureEnvyDetector	WARN		FirstShape
FeatureEnvyDetector	WARN		SecondShape
FeatureEnvyDetector	WARN	Finded Feature Envy
FeatureEnvyDetector	WARN	at C:\Users\kerueilin9\Desktop\Document\window_design\HW7\DrawingModel\DrawingModel\Line.cs Line 29
FeatureEnvyDetector	WARN	 DrawingModel.Line envy DrawingModel.Shape
FeatureEnvyDetector	WARN	use list:
FeatureEnvyDetector	WARN		X1
FeatureEnvyDetector	WARN		X2
FeatureEnvyDetector	WARN		Y1
FeatureEnvyDetector	WARN		Y2
FeatureEnvyDetector	WARN		FirstShape
FeatureEnvyDetector	WARN		FirstShape
FeatureEnvyDetector	WARN		SecondShape
FeatureEnvyDetector	WARN	Finded Feature Envy
FeatureEnvyDetector	WARN	at C:\Users\kerueilin9\Desktop\Document\window_design\HW7\DrawingModel\DrawingModel\Line.cs Line 16
FeatureEnvyDetector	WARN	 DrawingModel.Line envy DrawingModel.Shape
FeatureEnvyDetector	WARN	use list:
FeatureEnvyDetector	WARN		FirstShape
FeatureEnvyDetector	WARN		SecondShape
FeatureEnvyDetector	WARN	Finded Feature Envy
FeatureEnvyDetector	WARN	at C:\Users\kerueilin9\Desktop\Document\window_design\HW7\DrawingModel\DrawingModel\Line.cs Line 18
FeatureEnvyDetector	WARN	 DrawingModel.Line envy DrawingModel.Shape
FeatureEnvyDetector	WARN	use list:
FeatureEnvyDetector	WARN		X1
FeatureEnvyDetector	WARN		X2
FeatureEnvyDetector	WARN		FirstShape
FeatureEnvyDetector	WARN		SecondShape
FeatureEnvyDetector	WARN	Finded Feature Envy
FeatureEnvyDetector	WARN	at C:\Users\kerueilin9\Desktop\Document\window_design\HW7\DrawingModel\DrawingModel\Line.cs Line 19
FeatureEnvyDetector	WARN	 DrawingModel.Line envy DrawingModel.Shape
FeatureEnvyDetector	WARN	use list:
FeatureEnvyDetector	WARN		Y1
FeatureEnvyDetector	WARN		Y2
FeatureEnvyDetector	WARN		FirstShape
FeatureEnvyDetector	WARN		SecondShape
FeatureEnvyDetector	WARN	Finded Feature Envy
FeatureEnvyDetector	WARN	at C:\Users\kerueilin9\Desktop\Document\window_design\HW7\DrawingModel\DrawingModel\Line.cs Line 20
FeatureEnvyDetector	WARN	 DrawingModel.Line envy DrawingModel.Shape
FeatureEnvyDetector	WARN	use list:
FeatureEnvyDetector	WARN		X1
FeatureEnvyDetector	WARN		X2
FeatureEnvyDetector	WARN		FirstShape
FeatureEnvyDetector	WARN		SecondShape
FeatureEnvyDetector	WARN	Finded Feature Envy
FeatureEnvyDetector	WARN	at C:\Users\kerueilin9\Desktop\Document\window_design\HW7\DrawingModel\DrawingModel\Line.cs Line 21
FeatureEnvyDetector	WARN	 DrawingModel.Line envy DrawingModel.Shape
FeatureEnvyDetector	WARN	use list:
FeatureEnvyDetector	WARN		Y1
FeatureEnvyDetector	WARN		Y2
FeatureEnvyDetector	WARN		FirstShape
FeatureEnvyDetector	WARN		SecondShape
FeatureEnvyDetector	WARN	Finded Feature Envy
FeatureEnvyDetector	WARN	at C:\Users\kerueilin9\Desktop\Document\window_design\HW7\DrawingModel\DrawingModel\Line.cs Line 23
FeatureEnvyDetector	WARN	 DrawingModel.Line envy DrawingModel.Shape
FeatureEnvyDetector	WARN	use list:
FeatureEnvyDetector	WARN		X1
FeatureEnvyDetector	WARN		X2
FeatureEnvyDetector	WARN		Y1
FeatureEnvyDetector	WARN		Y2
FeatureEnvyDetector	WARN		X1
FeatureEnvyDetector	WARN		X2
FeatureEnvyDetector	WARN		Y1
FeatureEnvyDetector	WARN		Y2
FeatureEnvyDetector	WARN		FirstShape
FeatureEnvyDetector	WARN		SecondShape
FeatureEnvyDetector	WARN	Finded Feature Envy
FeatureEnvyDetector	WARN	at C:\Users\kerueilin9\Desktop\Document\window_design\HW7\DrawingModel\DrawingModel\Line.cs Line 24
FeatureEnvyDetector	WARN	 DrawingModel.Line envy DrawingModel.Shape
FeatureEnvyDetector	WARN	use list:
FeatureEnvyDetector	WARN		FirstShape
FeatureEnvyDetector	WARN		FirstShape
FeatureEnvyDetector	WARN		SecondShape
FeatureEnvyDetector	WARN	Finded Feature Envy
FeatureEnvyDetector	WARN	at C:\Users\kerueilin9\Desktop\Document\window_design\HW7\DrawingModel\DrawingModel\Line.cs Line 26
FeatureEnvyDetector	WARN	 DrawingModel.Line envy DrawingModel.Shape
FeatureEnvyDetector	WARN	use list:
FeatureEnvyDetector	WARN		X1
FeatureEnvyDetector	WARN		X2
FeatureEnvyDetector	WARN		FirstShape
FeatureEnvyDetector	WARN		FirstShape
FeatureEnvyDetector	WARN		SecondShape
FeatureEnvyDetector	WARN	Finded Feature Envy
FeatureEnvyDetector	WARN	at C:\Users\kerueilin9\Desktop\Document\window_design\HW7\DrawingModel\DrawingModel\Line.cs Line 27
FeatureEnvyDetector	WARN	 DrawingModel.Line envy DrawingModel.Shape
FeatureEnvyDetector	WARN	use list:
FeatureEnvyDetector	WARN		Y1
FeatureEnvyDetector	WARN		Y2
FeatureEnvyDetector	WARN		FirstShape
FeatureEnvyDetector	WARN		FirstShape
FeatureEnvyDetector	WARN		SecondShape
FeatureEnvyDetector	WARN	Finded Feature Envy
FeatureEnvyDetector	WARN	at C:\Users\kerueilin9\Desktop\Document\window_design\HW7\DrawingModel\DrawingModel\Line.cs Line 29
FeatureEnvyDetector	WARN	 DrawingModel.Line envy DrawingModel.Shape
FeatureEnvyDetector	WARN	use list:
FeatureEnvyDetector	WARN		X1
FeatureEnvyDetector	WARN		X2
FeatureEnvyDetector	WARN		Y1
FeatureEnvyDetector	WARN		Y2
FeatureEnvyDetector	WARN		FirstShape
FeatureEnvyDetector	WARN		FirstShape
FeatureEnvyDetector	WARN		SecondShape
FeatureEnvyDetector	WARN	Finded Feature Envy
FeatureEnvyDetector	WARN	at C:\Users\kerueilin9\Desktop\Document\window_design\HW7\DrawingModel\DrawingModel\Line.cs Line 18
FeatureEnvyDetector	WARN	 DrawingModel.Line envy DrawingModel.Shape
FeatureEnvyDetector	WARN	use list:
FeatureEnvyDetector	WARN		FirstShape
FeatureEnvyDetector	WARN		SecondShape
FeatureEnvyDetector	WARN	Finded Feature Envy
FeatureEnvyDetector	WARN	at C:\Users\kerueilin9\Desktop\Document\window_design\HW7\DrawingModel\DrawingModel\Line.cs Line 20
FeatureEnvyDetector	WARN	 DrawingModel.Line envy DrawingModel.Shape
FeatureEnvyDetector	WARN	use list:
FeatureEnvyDetector	WARN		X1
FeatureEnvyDetector	WARN		X2
FeatureEnvyDetector	WARN		FirstShape
FeatureEnvyDetector	WARN		SecondShape
FeatureEnvyDetector	WARN	Finded Feature Envy
FeatureEnvyDetector	WARN	at C:\Users\kerueilin9\Desktop\Document\window_design\HW7\DrawingModel\DrawingModel\Line.cs Line 21
FeatureEnvyDetector	WARN	 DrawingModel.Line envy DrawingModel.Shape
FeatureEnvyDetector	WARN	use list:
FeatureEnvyDetector	WARN		Y1
FeatureEnvyDetector	WARN		Y2
FeatureEnvyDetector	WARN		FirstShape
FeatureEnvyDetector	WARN		SecondShape
FeatureEnvyDetector	WARN	Finded Feature Envy
FeatureEnvyDetector	WARN	at C:\Users\kerueilin9\Desktop\Document\window_design\HW7\DrawingModel\DrawingModel\Line.cs Line 22
FeatureEnvyDetector	WARN	 DrawingModel.Line envy DrawingModel.Shape
FeatureEnvyDetector	WARN	use list:
FeatureEnvyDetector	WARN		X1
FeatureEnvyDetector	WARN		X2
FeatureEnvyDetector	WARN		FirstShape
FeatureEnvyDetector	WARN		SecondShape
FeatureEnvyDetector	WARN	Finded Feature Envy
FeatureEnvyDetector	WARN	at C:\Users\kerueilin9\Desktop\Document\window_design\HW7\DrawingModel\DrawingModel\Line.cs Line 23
FeatureEnvyDetector	WARN	 DrawingModel.Line envy DrawingModel.Shape
FeatureEnvyDetector	WARN	use list:
FeatureEnvyDetector	WARN		Y1
FeatureEnvyDetector	WARN		Y2
FeatureEnvyDetector	WARN		FirstShape
FeatureEnvyDetector	WARN		SecondShape
FeatureEnvyDetector	WARN	Finded Feature Envy
FeatureEnvyDetector	WARN	at C:\Users\kerueilin9\Desktop\Document\window_design\HW7\DrawingModel\DrawingModel\Line.cs Line 25
FeatureEnvyDetector	WARN	 DrawingModel.Line envy DrawingModel.Shape
FeatureEnvyDetector	WARN	use list:
FeatureEnvyDetector	WARN		X1
FeatureEnvyDetector	WARN		X2
FeatureEnvyDetector	WARN		Y1
FeatureEnvyDetector	WARN		Y2
FeatureEnvyDetector	WARN		X1
FeatureEnvyDetector	WARN		X2
FeatureEnvyDetector	WARN		Y1
FeatureEnvyDetector	WARN		Y2
FeatureEnvyDetector	WARN		FirstShape
FeatureEnvyDetector	WARN		SecondShape
FeatureEnvyDetector	WARN	Finded Feature Envy
FeatureEnvyDetector	WARN	at C:\Users\kerueilin9\Desktop\Document\window_design\HW7\DrawingModel\DrawingModel\Line.cs Line 26
FeatureEnvyDetector	WARN	 DrawingModel.Line envy DrawingModel.Shape
FeatureEnvyDetector	WARN	use list:
FeatureEnvyDetector	WARN		FirstShape
FeatureEnvyDetector	WARN		FirstShape
FeatureEnvyDetector	WARN		SecondShape
FeatureEnvyDetector	WARN	Finded Feature Envy
FeatureEnvyDetector	WARN	at C:\Users\kerueilin9\Desktop\Document\window_design\HW7\DrawingModel\DrawingModel\Line.cs Line 28
FeatureEnvyDetector	WARN	 DrawingModel.Line envy DrawingModel.Shape
FeatureEnvyDetector	WARN	use list:
FeatureEnvyDetector	WARN		X1
FeatureEnvyDetector	WARN		X2
FeatureEnvyDetector	WARN		FirstShape
FeatureEnvyDetector	WARN		FirstShape
FeatureEnvyDetector	WARN		SecondShape
FeatureEnvyDetector	WARN	Finded Feature Envy
FeatureEnvyDetector	WARN	at C:\Users\kerueilin9\Desktop\Document\window_design\HW7\DrawingModel\DrawingModel\Line.cs Line 29
FeatureEnvyDetector	WARN	 DrawingModel.Line envy DrawingModel.Shape
FeatureEnvyDetector	WARN	use list:
FeatureEnvyDetector	WARN		Y1
FeatureEnvyDetector	WARN		Y2
FeatureEnvyDetector	WARN		FirstShape
FeatureEnvyDetector	WARN		FirstShape
FeatureEnvyDetector	WARN		SecondShape
FeatureEnvyDetector	WARN	Finded Feature Envy
FeatureEnvyDetector	WARN	at C:\Users\kerueilin9\Desktop\Document\window_design\HW7\DrawingModel\DrawingModel\Line.cs Line 31
FeatureEnvyDetector	WARN	 DrawingModel.Line envy DrawingModel.Shape
FeatureEnvyDetector	WARN	use list:
FeatureEnvyDetector	WARN		X1
FeatureEnvyDetector	WARN		X2
FeatureEnvyDetector	WARN		Y1
FeatureEnvyDetector	WARN		Y2
FeatureEnvyDetector	WARN		FirstShape
FeatureEnvyDetector	WARN		FirstShape
FeatureEnvyDetector	WARN		SecondShape
