FeatureEnvyDetector	WARN	Finded Feature Envy
FeatureEnvyDetector	WARN	at C:\Users\kerueilin9\Desktop\Document\window_design\HW6\ClassLibrary\ClassLibrary\Model.cs Line 55
FeatureEnvyDetector	WARN	 ClassLibrary.Model envy ClassLibrary.Shapes
FeatureEnvyDetector	WARN	use list:
FeatureEnvyDetector	WARN		CreateShapeHint
FeatureEnvyDetector	WARN		AddShape
FeatureEnvyDetector	WARN	Finded Feature Envy
FeatureEnvyDetector	WARN	at C:\Users\kerueilin9\Desktop\Document\window_design\HW6\ClassLibrary\ClassLibrary\Model.cs Line 55
FeatureEnvyDetector	WARN	 ClassLibrary.Model envy ClassLibrary.Shapes
FeatureEnvyDetector	WARN	use list:
FeatureEnvyDetector	WARN		CreateShapeHint
FeatureEnvyDetector	WARN		AddShape
FeatureEnvyDetector	WARN	Finded Feature Envy
FeatureEnvyDetector	WARN	at C:\Users\kerueilin9\Desktop\Document\window_design\HW6\ClassLibrary\ClassLibrary\Model.cs Line 55
FeatureEnvyDetector	WARN	 ClassLibrary.Model envy ClassLibrary.Shapes
FeatureEnvyDetector	WARN	use list:
FeatureEnvyDetector	WARN		CreateShapeHint
FeatureEnvyDetector	WARN		AddShape
FeatureEnvyDetector	WARN	Finded Feature Envy
FeatureEnvyDetector	WARN	at C:\Users\kerueilin9\Desktop\Document\window_design\HW6\ClassLibrary\ClassLibrary\Model.cs Line 55
FeatureEnvyDetector	WARN	 ClassLibrary.Model envy ClassLibrary.Shapes
FeatureEnvyDetector	WARN	use list:
FeatureEnvyDetector	WARN		CreateShapeHint
FeatureEnvyDetector	WARN		AddShape
FeatureEnvyDetector	WARN	Finded Feature Envy
FeatureEnvyDetector	WARN	at C:\Users\kerueilin9\Desktop\Document\window_design\HW6\ClassLibrary\ClassLibrary\Model.cs Line 55
FeatureEnvyDetector	WARN	 ClassLibrary.Model envy ClassLibrary.Shapes
FeatureEnvyDetector	WARN	use list:
FeatureEnvyDetector	WARN		CreateShapeHint
FeatureEnvyDetector	WARN		AddShape
FeatureEnvyDetector	WARN	Finded Feature Envy
FeatureEnvyDetector	WARN	at C:\Users\kerueilin9\Desktop\Document\window_design\HW6\ClassLibrary\ClassLibrary\Model.cs Line 55
FeatureEnvyDetector	WARN	 ClassLibrary.Model envy ClassLibrary.Shapes
FeatureEnvyDetector	WARN	use list:
FeatureEnvyDetector	WARN		CreateShapeHint
FeatureEnvyDetector	WARN		AddShape
FeatureEnvyDetector	WARN	Finded Feature Envy
FeatureEnvyDetector	WARN	at C:\Users\kerueilin9\Desktop\Document\window_design\HW6\ClassLibrary\ClassLibrary\Model.cs Line 55
FeatureEnvyDetector	WARN	 ClassLibrary.Model envy ClassLibrary.Shapes
FeatureEnvyDetector	WARN	use list:
FeatureEnvyDetector	WARN		CreateShapeHint
FeatureEnvyDetector	WARN		AddShape
FeatureEnvyDetector	WARN	Finded Feature Envy
FeatureEnvyDetector	WARN	at C:\Users\kerueilin9\Desktop\Document\window_design\HW6\ClassLibrary\ClassLibrary\Model.cs Line 55
FeatureEnvyDetector	WARN	 ClassLibrary.Model envy ClassLibrary.Shapes
FeatureEnvyDetector	WARN	use list:
FeatureEnvyDetector	WARN		CreateShapeHint
FeatureEnvyDetector	WARN		AddShape
FeatureEnvyDetector	WARN	Finded Feature Envy
FeatureEnvyDetector	WARN	at C:\Users\kerueilin9\Desktop\Document\window_design\HW6\ClassLibrary\ClassLibrary\Model.cs Line 55
FeatureEnvyDetector	WARN	 ClassLibrary.Model envy ClassLibrary.Shapes
FeatureEnvyDetector	WARN	use list:
FeatureEnvyDetector	WARN		CreateShapeHint
FeatureEnvyDetector	WARN		AddShape
FeatureEnvyDetector	WARN	Finded Feature Envy
FeatureEnvyDetector	WARN	at C:\Users\kerueilin9\Desktop\Document\window_design\HW6\ClassLibrary\ClassLibrary\Model.cs Line 55
FeatureEnvyDetector	WARN	 ClassLibrary.Model envy ClassLibrary.Shapes
FeatureEnvyDetector	WARN	use list:
FeatureEnvyDetector	WARN		CreateShapeHint
FeatureEnvyDetector	WARN		AddShape
FeatureEnvyDetector	WARN	Finded Feature Envy
FeatureEnvyDetector	WARN	at C:\Users\kerueilin9\Desktop\Document\window_design\HW6\ClassLibrary\ClassLibrary\Model.cs Line 55
FeatureEnvyDetector	WARN	 ClassLibrary.Model envy ClassLibrary.Shapes
FeatureEnvyDetector	WARN	use list:
FeatureEnvyDetector	WARN		CreateShapeHint
FeatureEnvyDetector	WARN		AddShape
