FeatureEnvyDetector	WARN	Finded Feature Envy
FeatureEnvyDetector	WARN	at C:\Users\kerueilin9\Desktop\Document\window_design\HW4\109590043\HW04\PresentationModel\BackPackFormPresentationModel.cs Line 28
FeatureEnvyDetector	WARN	 Homework.PresentationModel.BackPackFormPresentationModel envy Homework.BorrowedItem
FeatureEnvyDetector	WARN	use list:
FeatureEnvyDetector	WARN		Book
FeatureEnvyDetector	WARN		Book
FeatureEnvyDetector	WARN		GetDateTimeString
FeatureEnvyDetector	WARN		GetDateTimeString
FeatureEnvyDetector	WARN	Finded Feature Envy
FeatureEnvyDetector	WARN	at C:\Users\kerueilin9\Desktop\Document\window_design\HW4\109590043\HW04\PresentationModel\BackPackFormPresentationModel.cs Line 33
FeatureEnvyDetector	WARN	 Homework.PresentationModel.BackPackFormPresentationModel envy Homework.BorrowedItem
FeatureEnvyDetector	WARN	use list:
FeatureEnvyDetector	WARN		Book
FeatureEnvyDetector	WARN		Book
FeatureEnvyDetector	WARN		GetDateTimeString
FeatureEnvyDetector	WARN		GetDateTimeString
FeatureEnvyDetector	WARN	Finded Feature Envy
FeatureEnvyDetector	WARN	at C:\Users\kerueilin9\Desktop\Document\window_design\HW4\109590043\HW04\PresentationModel\BookBorrowingFormPresentationModel.cs Line 238
FeatureEnvyDetector	WARN	 Homework.PresentationModel.BookBorrowingFormPresentationModel envy Homework.Model
FeatureEnvyDetector	WARN	use list:
FeatureEnvyDetector	WARN		GetBorrowList
FeatureEnvyDetector	WARN		GetBorrowList
FeatureEnvyDetector	WARN	Finded Feature Envy
FeatureEnvyDetector	WARN	at C:\Users\kerueilin9\Desktop\Document\window_design\HW4\109590043\HW04\PresentationModel\BookBorrowingFormPresentationModel.cs Line 239
FeatureEnvyDetector	WARN	 Homework.PresentationModel.BookBorrowingFormPresentationModel envy Homework.Model
FeatureEnvyDetector	WARN	use list:
FeatureEnvyDetector	WARN		GetBorrowList
FeatureEnvyDetector	WARN		GetBorrowList
FeatureEnvyDetector	WARN	Finded Feature Envy
FeatureEnvyDetector	WARN	at C:\Users\kerueilin9\Desktop\Document\window_design\HW4\109590043\HW04Tests\PresentationModel\BackPackFormPresentationModelTests.cs Line 29
FeatureEnvyDetector	WARN	 Homework.PresentationModel.Tests.BackPackFormPresentationModelTests envy Homework.Model
FeatureEnvyDetector	WARN	use list:
FeatureEnvyDetector	WARN		GetBookByName
FeatureEnvyDetector	WARN		UpdateBorrowList
FeatureEnvyDetector	WARN	Finded Feature Envy
FeatureEnvyDetector	WARN	at C:\Users\kerueilin9\Desktop\Document\window_design\HW4\109590043\HW04Tests\PresentationModel\BackPackFormPresentationModelTests.cs Line 30
FeatureEnvyDetector	WARN	 Homework.PresentationModel.Tests.BackPackFormPresentationModelTests envy Homework.Model
FeatureEnvyDetector	WARN	use list:
FeatureEnvyDetector	WARN		GetBookByName
FeatureEnvyDetector	WARN		UpdateBorrowList
FeatureEnvyDetector	WARN	Finded Feature Envy
FeatureEnvyDetector	WARN	at C:\Users\kerueilin9\Desktop\Document\window_design\HW4\109590043\HW04Tests\PresentationModel\BackPackFormPresentationModelTests.cs Line 31
FeatureEnvyDetector	WARN	 Homework.PresentationModel.Tests.BackPackFormPresentationModelTests envy Homework.Model
FeatureEnvyDetector	WARN	use list:
FeatureEnvyDetector	WARN		GetBookByName
FeatureEnvyDetector	WARN		UpdateBorrowList
FeatureEnvyDetector	WARN	Finded Feature Envy
FeatureEnvyDetector	WARN	at C:\Users\kerueilin9\Desktop\Document\window_design\HW4\109590043\HW04Tests\ModelTests.cs Line 164
FeatureEnvyDetector	WARN	 Homework.Tests.ModelTests envy Homework.Model
FeatureEnvyDetector	WARN	use list:
FeatureEnvyDetector	WARN		GetBookByName
FeatureEnvyDetector	WARN		UpdateBorrowList
FeatureEnvyDetector	WARN	Finded Feature Envy
FeatureEnvyDetector	WARN	at C:\Users\kerueilin9\Desktop\Document\window_design\HW4\109590043\HW04Tests\ModelTests.cs Line 165
FeatureEnvyDetector	WARN	 Homework.Tests.ModelTests envy Homework.Model
FeatureEnvyDetector	WARN	use list:
FeatureEnvyDetector	WARN		GetBookByName
FeatureEnvyDetector	WARN		UpdateBorrowList
FeatureEnvyDetector	WARN	Finded Feature Envy
FeatureEnvyDetector	WARN	at C:\Users\kerueilin9\Desktop\Document\window_design\HW4\109590043\HW04Tests\ModelTests.cs Line 202
FeatureEnvyDetector	WARN	 Homework.Tests.ModelTests envy Homework.Model
FeatureEnvyDetector	WARN	use list:
FeatureEnvyDetector	WARN		GetBookByName
FeatureEnvyDetector	WARN		UpdateBorrowList
FeatureEnvyDetector	WARN	Finded Feature Envy
FeatureEnvyDetector	WARN	at C:\Users\kerueilin9\Desktop\Document\window_design\HW4\109590043\HW04Tests\ModelTests.cs Line 204
FeatureEnvyDetector	WARN	 Homework.Tests.ModelTests envy Homework.Model
FeatureEnvyDetector	WARN	use list:
FeatureEnvyDetector	WARN		GetBookByName
FeatureEnvyDetector	WARN		UpdateBorrowList
FeatureEnvyDetector	WARN	Finded Feature Envy
FeatureEnvyDetector	WARN	at C:\Users\kerueilin9\Desktop\Document\window_design\HW4\109590043\HW04Tests\ModelTests.cs Line 205
FeatureEnvyDetector	WARN	 Homework.Tests.ModelTests envy Homework.Model
FeatureEnvyDetector	WARN	use list:
FeatureEnvyDetector	WARN		GetBookByName
FeatureEnvyDetector	WARN		UpdateBorrowList
FeatureEnvyDetector	WARN	Finded Feature Envy
FeatureEnvyDetector	WARN	at C:\Users\kerueilin9\Desktop\Document\window_design\HW4\109590043\HW04Tests\ModelTests.cs Line 207
FeatureEnvyDetector	WARN	 Homework.Tests.ModelTests envy Homework.Model
FeatureEnvyDetector	WARN	use list:
FeatureEnvyDetector	WARN		GetBookByName
FeatureEnvyDetector	WARN		UpdateBorrowList
FeatureEnvyDetector	WARN	Finded Feature Envy
FeatureEnvyDetector	WARN	at C:\Users\kerueilin9\Desktop\Document\window_design\HW4\109590043\HW04Tests\ModelTests.cs Line 208
FeatureEnvyDetector	WARN	 Homework.Tests.ModelTests envy Homework.Model
FeatureEnvyDetector	WARN	use list:
FeatureEnvyDetector	WARN		GetBookByName
FeatureEnvyDetector	WARN		UpdateBorrowList
FeatureEnvyDetector	WARN	Finded Feature Envy
FeatureEnvyDetector	WARN	at C:\Users\kerueilin9\Desktop\Document\window_design\HW4\109590043\HW04Tests\ModelTests.cs Line 209
FeatureEnvyDetector	WARN	 Homework.Tests.ModelTests envy Homework.Model
FeatureEnvyDetector	WARN	use list:
FeatureEnvyDetector	WARN		GetBookByName
FeatureEnvyDetector	WARN		UpdateBorrowList
FeatureEnvyDetector	WARN	Finded Feature Envy
FeatureEnvyDetector	WARN	at C:\Users\kerueilin9\Desktop\Document\window_design\HW4\109590043\HW04Tests\ModelTests.cs Line 211
FeatureEnvyDetector	WARN	 Homework.Tests.ModelTests envy Homework.Model
FeatureEnvyDetector	WARN	use list:
FeatureEnvyDetector	WARN		GetBookByName
FeatureEnvyDetector	WARN		UpdateBorrowList
FeatureEnvyDetector	WARN	Finded Feature Envy
FeatureEnvyDetector	WARN	at C:\Users\kerueilin9\Desktop\Document\window_design\HW4\109590043\HW04Tests\ModelTests.cs Line 212
FeatureEnvyDetector	WARN	 Homework.Tests.ModelTests envy Homework.Model
FeatureEnvyDetector	WARN	use list:
FeatureEnvyDetector	WARN		GetBookByName
FeatureEnvyDetector	WARN		UpdateBorrowList
FeatureEnvyDetector	WARN	Finded Feature Envy
FeatureEnvyDetector	WARN	at C:\Users\kerueilin9\Desktop\Document\window_design\HW4\109590043\HW04Tests\ModelTests.cs Line 213
FeatureEnvyDetector	WARN	 Homework.Tests.ModelTests envy Homework.Model
FeatureEnvyDetector	WARN	use list:
FeatureEnvyDetector	WARN		GetBookByName
FeatureEnvyDetector	WARN		UpdateBorrowList
FeatureEnvyDetector	WARN	Finded Feature Envy
FeatureEnvyDetector	WARN	at C:\Users\kerueilin9\Desktop\Document\window_design\HW4\109590043\HW04Tests\ModelTests.cs Line 214
FeatureEnvyDetector	WARN	 Homework.Tests.ModelTests envy Homework.Model
FeatureEnvyDetector	WARN	use list:
FeatureEnvyDetector	WARN		GetBookByName
FeatureEnvyDetector	WARN		UpdateBorrowList
FeatureEnvyDetector	WARN	Finded Feature Envy
FeatureEnvyDetector	WARN	at C:\Users\kerueilin9\Desktop\Document\window_design\HW4\109590043\HW04\PresentationModel\BackPackFormPresentationModel.cs Line 28
FeatureEnvyDetector	WARN	 Homework.PresentationModel.BackPackFormPresentationModel envy Homework.BorrowedItem
FeatureEnvyDetector	WARN	use list:
FeatureEnvyDetector	WARN		Book
FeatureEnvyDetector	WARN		Book
FeatureEnvyDetector	WARN		GetDateTimeString
FeatureEnvyDetector	WARN		GetDateTimeString
FeatureEnvyDetector	WARN	Finded Feature Envy
FeatureEnvyDetector	WARN	at C:\Users\kerueilin9\Desktop\Document\window_design\HW4\109590043\HW04\PresentationModel\BackPackFormPresentationModel.cs Line 33
FeatureEnvyDetector	WARN	 Homework.PresentationModel.BackPackFormPresentationModel envy Homework.BorrowedItem
FeatureEnvyDetector	WARN	use list:
FeatureEnvyDetector	WARN		Book
FeatureEnvyDetector	WARN		Book
FeatureEnvyDetector	WARN		GetDateTimeString
FeatureEnvyDetector	WARN		GetDateTimeString
FeatureEnvyDetector	WARN	Finded Feature Envy
FeatureEnvyDetector	WARN	at C:\Users\kerueilin9\Desktop\Document\window_design\HW4\109590043\HW04\PresentationModel\BookBorrowingFormPresentationModel.cs Line 238
FeatureEnvyDetector	WARN	 Homework.PresentationModel.BookBorrowingFormPresentationModel envy Homework.Model
FeatureEnvyDetector	WARN	use list:
FeatureEnvyDetector	WARN		GetBorrowList
FeatureEnvyDetector	WARN		GetBorrowList
FeatureEnvyDetector	WARN	Finded Feature Envy
FeatureEnvyDetector	WARN	at C:\Users\kerueilin9\Desktop\Document\window_design\HW4\109590043\HW04\PresentationModel\BookBorrowingFormPresentationModel.cs Line 239
FeatureEnvyDetector	WARN	 Homework.PresentationModel.BookBorrowingFormPresentationModel envy Homework.Model
FeatureEnvyDetector	WARN	use list:
FeatureEnvyDetector	WARN		GetBorrowList
FeatureEnvyDetector	WARN		GetBorrowList
FeatureEnvyDetector	WARN	Finded Feature Envy
FeatureEnvyDetector	WARN	at C:\Users\kerueilin9\Desktop\Document\window_design\HW4\109590043\HW04Tests\PresentationModel\BackPackFormPresentationModelTests.cs Line 29
FeatureEnvyDetector	WARN	 Homework.PresentationModel.Tests.BackPackFormPresentationModelTests envy Homework.Model
FeatureEnvyDetector	WARN	use list:
FeatureEnvyDetector	WARN		GetBookByName
FeatureEnvyDetector	WARN		UpdateBorrowList
FeatureEnvyDetector	WARN	Finded Feature Envy
FeatureEnvyDetector	WARN	at C:\Users\kerueilin9\Desktop\Document\window_design\HW4\109590043\HW04Tests\PresentationModel\BackPackFormPresentationModelTests.cs Line 30
FeatureEnvyDetector	WARN	 Homework.PresentationModel.Tests.BackPackFormPresentationModelTests envy Homework.Model
FeatureEnvyDetector	WARN	use list:
FeatureEnvyDetector	WARN		GetBookByName
FeatureEnvyDetector	WARN		UpdateBorrowList
FeatureEnvyDetector	WARN	Finded Feature Envy
FeatureEnvyDetector	WARN	at C:\Users\kerueilin9\Desktop\Document\window_design\HW4\109590043\HW04Tests\PresentationModel\BackPackFormPresentationModelTests.cs Line 31
FeatureEnvyDetector	WARN	 Homework.PresentationModel.Tests.BackPackFormPresentationModelTests envy Homework.Model
FeatureEnvyDetector	WARN	use list:
FeatureEnvyDetector	WARN		GetBookByName
FeatureEnvyDetector	WARN		UpdateBorrowList
FeatureEnvyDetector	WARN	Finded Feature Envy
FeatureEnvyDetector	WARN	at C:\Users\kerueilin9\Desktop\Document\window_design\HW4\109590043\HW04Tests\ModelTests.cs Line 164
FeatureEnvyDetector	WARN	 Homework.Tests.ModelTests envy Homework.Model
FeatureEnvyDetector	WARN	use list:
FeatureEnvyDetector	WARN		GetBookByName
FeatureEnvyDetector	WARN		UpdateBorrowList
FeatureEnvyDetector	WARN	Finded Feature Envy
FeatureEnvyDetector	WARN	at C:\Users\kerueilin9\Desktop\Document\window_design\HW4\109590043\HW04Tests\ModelTests.cs Line 165
FeatureEnvyDetector	WARN	 Homework.Tests.ModelTests envy Homework.Model
FeatureEnvyDetector	WARN	use list:
FeatureEnvyDetector	WARN		GetBookByName
FeatureEnvyDetector	WARN		UpdateBorrowList
FeatureEnvyDetector	WARN	Finded Feature Envy
FeatureEnvyDetector	WARN	at C:\Users\kerueilin9\Desktop\Document\window_design\HW4\109590043\HW04Tests\ModelTests.cs Line 202
FeatureEnvyDetector	WARN	 Homework.Tests.ModelTests envy Homework.Model
FeatureEnvyDetector	WARN	use list:
FeatureEnvyDetector	WARN		GetBookByName
FeatureEnvyDetector	WARN		UpdateBorrowList
FeatureEnvyDetector	WARN	Finded Feature Envy
FeatureEnvyDetector	WARN	at C:\Users\kerueilin9\Desktop\Document\window_design\HW4\109590043\HW04Tests\ModelTests.cs Line 204
FeatureEnvyDetector	WARN	 Homework.Tests.ModelTests envy Homework.Model
FeatureEnvyDetector	WARN	use list:
FeatureEnvyDetector	WARN		GetBookByName
FeatureEnvyDetector	WARN		UpdateBorrowList
FeatureEnvyDetector	WARN	Finded Feature Envy
FeatureEnvyDetector	WARN	at C:\Users\kerueilin9\Desktop\Document\window_design\HW4\109590043\HW04Tests\ModelTests.cs Line 205
FeatureEnvyDetector	WARN	 Homework.Tests.ModelTests envy Homework.Model
FeatureEnvyDetector	WARN	use list:
FeatureEnvyDetector	WARN		GetBookByName
FeatureEnvyDetector	WARN		UpdateBorrowList
FeatureEnvyDetector	WARN	Finded Feature Envy
FeatureEnvyDetector	WARN	at C:\Users\kerueilin9\Desktop\Document\window_design\HW4\109590043\HW04Tests\ModelTests.cs Line 207
FeatureEnvyDetector	WARN	 Homework.Tests.ModelTests envy Homework.Model
FeatureEnvyDetector	WARN	use list:
FeatureEnvyDetector	WARN		GetBookByName
FeatureEnvyDetector	WARN		UpdateBorrowList
FeatureEnvyDetector	WARN	Finded Feature Envy
FeatureEnvyDetector	WARN	at C:\Users\kerueilin9\Desktop\Document\window_design\HW4\109590043\HW04Tests\ModelTests.cs Line 208
FeatureEnvyDetector	WARN	 Homework.Tests.ModelTests envy Homework.Model
FeatureEnvyDetector	WARN	use list:
FeatureEnvyDetector	WARN		GetBookByName
FeatureEnvyDetector	WARN		UpdateBorrowList
FeatureEnvyDetector	WARN	Finded Feature Envy
FeatureEnvyDetector	WARN	at C:\Users\kerueilin9\Desktop\Document\window_design\HW4\109590043\HW04Tests\ModelTests.cs Line 209
FeatureEnvyDetector	WARN	 Homework.Tests.ModelTests envy Homework.Model
FeatureEnvyDetector	WARN	use list:
FeatureEnvyDetector	WARN		GetBookByName
FeatureEnvyDetector	WARN		UpdateBorrowList
FeatureEnvyDetector	WARN	Finded Feature Envy
FeatureEnvyDetector	WARN	at C:\Users\kerueilin9\Desktop\Document\window_design\HW4\109590043\HW04Tests\ModelTests.cs Line 211
FeatureEnvyDetector	WARN	 Homework.Tests.ModelTests envy Homework.Model
FeatureEnvyDetector	WARN	use list:
FeatureEnvyDetector	WARN		GetBookByName
FeatureEnvyDetector	WARN		UpdateBorrowList
FeatureEnvyDetector	WARN	Finded Feature Envy
FeatureEnvyDetector	WARN	at C:\Users\kerueilin9\Desktop\Document\window_design\HW4\109590043\HW04Tests\ModelTests.cs Line 212
FeatureEnvyDetector	WARN	 Homework.Tests.ModelTests envy Homework.Model
FeatureEnvyDetector	WARN	use list:
FeatureEnvyDetector	WARN		GetBookByName
FeatureEnvyDetector	WARN		UpdateBorrowList
FeatureEnvyDetector	WARN	Finded Feature Envy
FeatureEnvyDetector	WARN	at C:\Users\kerueilin9\Desktop\Document\window_design\HW4\109590043\HW04Tests\ModelTests.cs Line 213
FeatureEnvyDetector	WARN	 Homework.Tests.ModelTests envy Homework.Model
FeatureEnvyDetector	WARN	use list:
FeatureEnvyDetector	WARN		GetBookByName
FeatureEnvyDetector	WARN		UpdateBorrowList
FeatureEnvyDetector	WARN	Finded Feature Envy
FeatureEnvyDetector	WARN	at C:\Users\kerueilin9\Desktop\Document\window_design\HW4\109590043\HW04Tests\ModelTests.cs Line 214
FeatureEnvyDetector	WARN	 Homework.Tests.ModelTests envy Homework.Model
FeatureEnvyDetector	WARN	use list:
FeatureEnvyDetector	WARN		GetBookByName
FeatureEnvyDetector	WARN		UpdateBorrowList
